<?xml version="1.0" encoding="UTF-8"?>
<!-- Generated by org.testng.reporters.JUnitReportReporter -->
<testsuite name="com.adjustSwaggerPetstore.testcases.LaunchTest" tests="1" time="1.371" ignored="1" failures="0" timestamp="10 Nov 2021 12:07:42 GMT" skipped="0" hostname="acs-PC" errors="0">
  <testcase name="launchUrlTest" time="1.371" classname="com.adjustSwaggerPetstore.testcases.LaunchTest"/>
  <testcase name="setupSuite" classname="com.adjustSwaggerPetstore.pages.BaseClass">
    <skipped/>
  </testcase> <!-- setupSuite -->
</testsuite> <!-- com.adjustSwaggerPetstore.testcases.LaunchTest -->
