<?xml version="1.0" encoding="UTF-8"?>
<!-- Generated by org.testng.reporters.JUnitReportReporter -->
<testsuite name="com.adjustSwaggerPetstore.testcases.LaunchTest" tests="3" time="122.819" ignored="1" failures="0" timestamp="11 Nov 2021 14:48:08 GMT" skipped="0" hostname="acs-PC" errors="0">
  <testcase name="launchUrlTest" time="0.042" classname="com.adjustSwaggerPetstore.testcases.LaunchTest"/>
  <testcase name="submitPetOrder" time="8.220" classname="com.adjustSwaggerPetstore.testcases.LaunchTest"/>
  <testcase name="getPetDetailsByStatus" time="114.557" classname="com.adjustSwaggerPetstore.testcases.LaunchTest"/>
  <testcase name="setupSuite" classname="com.adjustSwaggerPetstore.pages.BaseClass">
    <skipped/>
  </testcase> <!-- setupSuite -->
</testsuite> <!-- com.adjustSwaggerPetstore.testcases.LaunchTest -->
